0 info it worked if it ends with ok
1 verbose cli [ '/usr/bin/node', '/usr/bin/npm', 'run', 'api-server' ]
2 info using npm@3.5.2
3 info using node@v8.10.0
4 verbose run-script [ 'preapi-server', 'api-server', 'postapi-server' ]
5 info lifecycle gyan-matrix-football@0.0.0~preapi-server: gyan-matrix-football@0.0.0
6 silly lifecycle gyan-matrix-football@0.0.0~preapi-server: no script for preapi-server, continuing
7 info lifecycle gyan-matrix-football@0.0.0~api-server: gyan-matrix-football@0.0.0
8 verbose lifecycle gyan-matrix-football@0.0.0~api-server: unsafe-perm in lifecycle true
9 verbose lifecycle gyan-matrix-football@0.0.0~api-server: PATH: /usr/share/npm/bin/node-gyp-bin:/home/shriram/Desktop/GyanMatrix_Challenge/GyanMatrix-football/node_modules/.bin:/usr/local/sbin:/usr/local/bin:/usr/sbin:/usr/bin:/sbin:/bin:/usr/games:/usr/local/games:/snap/bin
10 verbose lifecycle gyan-matrix-football@0.0.0~api-server: CWD: /home/shriram/Desktop/GyanMatrix_Challenge/GyanMatrix-football
11 silly lifecycle gyan-matrix-football@0.0.0~api-server: Args: [ '-c', 'node server/bin/www' ]
12 silly lifecycle gyan-matrix-football@0.0.0~api-server: Returned: code: 1  signal: null
13 info lifecycle gyan-matrix-football@0.0.0~api-server: Failed to exec api-server script
14 verbose stack Error: gyan-matrix-football@0.0.0 api-server: `node server/bin/www`
14 verbose stack Exit status 1
14 verbose stack     at EventEmitter.<anonymous> (/usr/share/npm/lib/utils/lifecycle.js:232:16)
14 verbose stack     at emitTwo (events.js:126:13)
14 verbose stack     at EventEmitter.emit (events.js:214:7)
14 verbose stack     at ChildProcess.<anonymous> (/usr/share/npm/lib/utils/spawn.js:24:14)
14 verbose stack     at emitTwo (events.js:126:13)
14 verbose stack     at ChildProcess.emit (events.js:214:7)
14 verbose stack     at maybeClose (internal/child_process.js:925:16)
14 verbose stack     at Process.ChildProcess._handle.onexit (internal/child_process.js:209:5)
15 verbose pkgid gyan-matrix-football@0.0.0
16 verbose cwd /home/shriram/Desktop/GyanMatrix_Challenge/GyanMatrix-football
17 error Linux 4.15.0-22-generic
18 error argv "/usr/bin/node" "/usr/bin/npm" "run" "api-server"
19 error node v8.10.0
20 error npm  v3.5.2
21 error code ELIFECYCLE
22 error gyan-matrix-football@0.0.0 api-server: `node server/bin/www`
22 error Exit status 1
23 error Failed at the gyan-matrix-football@0.0.0 api-server script 'node server/bin/www'.
23 error Make sure you have the latest version of node.js and npm installed.
23 error If you do, this is most likely a problem with the gyan-matrix-football package,
23 error not with npm itself.
23 error Tell the author that this fails on your system:
23 error     node server/bin/www
23 error You can get information on how to open an issue for this project with:
23 error     npm bugs gyan-matrix-football
23 error Or if that isn't available, you can get their info via:
23 error     npm owner ls gyan-matrix-football
23 error There is likely additional logging output above.
24 verbose exit [ 1, true ]
